Release 14.7 - xst P.20131013 (nt64)
Copyright (c) 1995-2013 Xilinx, Inc.  All rights reserved.
--> Parameter TMPDIR set to xst/projnav.tmp


Total REAL time to Xst completion: 0.00 secs
Total CPU time to Xst completion: 0.12 secs
 
--> Parameter xsthdpdir set to xst


Total REAL time to Xst completion: 0.00 secs
Total CPU time to Xst completion: 0.12 secs
 
--> Reading design: Codigo1.prj

TABLE OF CONTENTS
  1) Synthesis Options Summary
  2) HDL Parsing
  3) HDL Elaboration
  4) HDL Synthesis
       4.1) HDL Synthesis Report
  5) Advanced HDL Synthesis
       5.1) Advanced HDL Synthesis Report
  6) Low Level Synthesis
  7) Partition Report
  8) Design Summary
       8.1) Primitive and Black Box Usage
       8.2) Device utilization summary
       8.3) Partition Resource Summary
       8.4) Timing Report
            8.4.1) Clock Information
            8.4.2) Asynchronous Control Signals Information
            8.4.3) Timing Summary
            8.4.4) Timing Details
            8.4.5) Cross Clock Domains Report


=========================================================================
*                      Synthesis Options Summary                        *
=========================================================================
---- Source Parameters
Input File Name                    : "Codigo1.prj"
Ignore Synthesis Constraint File   : NO

---- Target Parameters
Output File Name                   : "Codigo1"
Output Format                      : NGC
Target Device                      : xc6slx16-3-csg324

---- Source Options
Top Module Name                    : Codigo1
Automatic FSM Extraction           : YES
FSM Encoding Algorithm             : Auto
Safe Implementation                : No
FSM Style                          : LUT
RAM Extraction                     : Yes
RAM Style                          : Auto
ROM Extraction                     : Yes
Shift Register Extraction          : YES
ROM Style                          : Auto
Resource Sharing                   : YES
Asynchronous To Synchronous        : NO
Shift Register Minimum Size        : 2
Use DSP Block                      : Auto
Automatic Register Balancing       : No

---- Target Options
LUT Combining                      : Auto
Reduce Control Sets                : Auto
Add IO Buffers                     : YES
Global Maximum Fanout              : 100000
Add Generic Clock Buffer(BUFG)     : 16
Register Duplication               : YES
Optimize Instantiated Primitives   : NO
Use Clock Enable                   : Auto
Use Synchronous Set                : Auto
Use Synchronous Reset              : Auto
Pack IO Registers into IOBs        : Auto
Equivalent register Removal        : YES

---- General Options
Optimization Goal                  : Speed
Optimization Effort                : 1
Power Reduction                    : NO
Keep Hierarchy                     : No
Netlist Hierarchy                  : As_Optimized
RTL Output                         : Yes
Global Optimization                : AllClockNets
Read Cores                         : YES
Write Timing Constraints           : NO
Cross Clock Analysis               : NO
Hierarchy Separator                : /
Bus Delimiter                      : <>
Case Specifier                     : Maintain
Slice Utilization Ratio            : 100
BRAM Utilization Ratio             : 100
DSP48 Utilization Ratio            : 100
Auto BRAM Packing                  : NO
Slice Utilization Ratio Delta      : 5

=========================================================================


=========================================================================
*                          HDL Parsing                                  *
=========================================================================
Analyzing Verilog file "C:\Users\Joselin\Documents\GitHub\Lab_Digitales\ProyectoCorto2\Codigo1.v" into library work
Parsing module <Codigo1>.

=========================================================================
*                            HDL Elaboration                            *
=========================================================================

Elaborating module <Codigo1>.
WARNING:HDLCompiler:413 - "C:\Users\Joselin\Documents\GitHub\Lab_Digitales\ProyectoCorto2\Codigo1.v" Line 85: Result of 9-bit expression is truncated to fit in 8-bit target.

=========================================================================
*                           HDL Synthesis                               *
=========================================================================

Synthesizing Unit <Codigo1>.
    Related source file is "C:\Users\Joselin\Documents\GitHub\Lab_Digitales\ProyectoCorto2\Codigo1.v".
    Found 1-bit register for signal <ps2_clk_negedge>.
    Found 1-bit register for signal <data_in>.
    Found 8-bit register for signal <ps2_data_out>.
    Found 8-bit register for signal <contador>.
    Found 1-bit register for signal <pulso_done>.
    Found 3-bit register for signal <estado>.
    Found 8-bit register for signal <filtro_antirebote>.
    Found finite state machine <FSM_0> for signal <estado>.
    -----------------------------------------------------------------------
    | States             | 5                                              |
    | Transitions        | 8                                              |
    | Inputs             | 2                                              |
    | Outputs            | 4                                              |
    | Clock              | clk (rising_edge)                              |
    | Power Up State     | 000                                            |
    | Encoding           | auto                                           |
    | Implementation     | LUT                                            |
    -----------------------------------------------------------------------
    Found 8-bit adder for signal <contador[7]_GND_1_o_add_9_OUT> created at line 85.
    Summary:
	inferred   1 Adder/Subtractor(s).
	inferred  27 D-type flip-flop(s).
	inferred   3 Multiplexer(s).
	inferred   1 Finite State Machine(s).
Unit <Codigo1> synthesized.

=========================================================================
HDL Synthesis Report

Macro Statistics
# Adders/Subtractors                                   : 1
 8-bit adder                                           : 1
# Registers                                            : 6
 1-bit register                                        : 3
 8-bit register                                        : 3
# Multiplexers                                         : 3
 8-bit 2-to-1 multiplexer                              : 3
# FSMs                                                 : 1

=========================================================================

=========================================================================
*                       Advanced HDL Synthesis                          *
=========================================================================


=========================================================================
Advanced HDL Synthesis Report

Macro Statistics
# Adders/Subtractors                                   : 1
 8-bit adder                                           : 1
# Registers                                            : 27
 Flip-Flops                                            : 27
# Multiplexers                                         : 3
 8-bit 2-to-1 multiplexer                              : 3
# FSMs                                                 : 1

=========================================================================

=========================================================================
*                         Low Level Synthesis                           *
=========================================================================
Analyzing FSM <MFsm> for best encoding.
Optimizing FSM <FSM_0> on signal <estado[1:3]> with user encoding.
-------------------
 State | Encoding
-------------------
 000   | 000
 001   | 001
 010   | 010
 011   | 011
 100   | 100
-------------------

Optimizing unit <Codigo1> ...

Mapping all equations...
Building and optimizing final netlist ...
Found area constraint ratio of 100 (+ 5) on block Codigo1, actual ratio is 0.

Final Macro Processing ...

=========================================================================
Final Register Report

Macro Statistics
# Registers                                            : 30
 Flip-Flops                                            : 30

=========================================================================

=========================================================================
*                           Partition Report                            *
=========================================================================

Partition Implementation Status
-------------------------------

  No Partitions were found in this design.

-------------------------------

=========================================================================
*                            Design Summary                             *
=========================================================================

Top Level Output File Name         : Codigo1.ngc

Primitive and Black Box Usage:
------------------------------
# BELS                             : 21
#      LUT2                        : 2
#      LUT3                        : 5
#      LUT4                        : 3
#      LUT5                        : 3
#      LUT6                        : 8
# FlipFlops/Latches                : 30
#      FD                          : 14
#      FDE                         : 16
# Clock Buffers                    : 1
#      BUFGP                       : 1
# IO Buffers                       : 11
#      IBUF                        : 2
#      OBUF                        : 9

Device utilization summary:
---------------------------

Selected Device : 6slx16csg324-3 


Slice Logic Utilization: 
 Number of Slice Registers:              30  out of  18224     0%  
 Number of Slice LUTs:                   21  out of   9112     0%  
    Number used as Logic:                21  out of   9112     0%  

Slice Logic Distribution: 
 Number of LUT Flip Flop pairs used:     37
   Number with an unused Flip Flop:       7  out of     37    18%  
   Number with an unused LUT:            16  out of     37    43%  
   Number of fully used LUT-FF pairs:    14  out of     37    37%  
   Number of unique control sets:         3

IO Utilization: 
 Number of IOs:                          12
 Number of bonded IOBs:                  12  out of    232     5%  

Specific Feature Utilization:
 Number of BUFG/BUFGCTRLs:                1  out of     16     6%  

---------------------------
Partition Resource Summary:
---------------------------

  No Partitions were found in this design.

---------------------------


=========================================================================
Timing Report

NOTE: THESE TIMING NUMBERS ARE ONLY A SYNTHESIS ESTIMATE.
      FOR ACCURATE TIMING INFORMATION PLEASE REFER TO THE TRACE REPORT
      GENERATED AFTER PLACE-and-ROUTE.

Clock Information:
------------------
-----------------------------------+------------------------+-------+
Clock Signal                       | Clock buffer(FF name)  | Load  |
-----------------------------------+------------------------+-------+
clk                                | BUFGP                  | 30    |
-----------------------------------+------------------------+-------+

Asynchronous Control Signals Information:
----------------------------------------
No asynchronous control signals found in this design

Timing Summary:
---------------
Speed Grade: -3

   Minimum period: 2.941ns (Maximum Frequency: 339.992MHz)
   Minimum input arrival time before clock: 2.109ns
   Maximum output required time after clock: 3.634ns
   Maximum combinational path delay: No path found

Timing Details:
---------------
All values displayed in nanoseconds (ns)

=========================================================================
Timing constraint: Default period analysis for Clock 'clk'
  Clock period: 2.941ns (frequency: 339.992MHz)
  Total number of paths / destination ports: 156 / 45
-------------------------------------------------------------------------
Delay:               2.941ns (Levels of Logic = 1)
  Source:            estado_FSM_FFd1 (FF)
  Destination:       data_p_0 (FF)
  Source Clock:      clk rising
  Destination Clock: clk rising

  Data Path: estado_FSM_FFd1 to data_p_0
                                Gate     Net
    Cell:in->out      fanout   Delay   Delay  Logical Name (Net Name)
    ----------------------------------------  ------------
     FD:C->Q              10   0.447   1.085  estado_FSM_FFd1 (estado_FSM_FFd1)
     LUT3:I0->O           11   0.205   0.882  Mmux_estado[2]_contador[7]_wide_mux_12_OUT111 (Mmux_estado[2]_contador[7]_wide_mux_12_OUT11)
     FDE:CE                    0.322          data_p_0
    ----------------------------------------
    Total                      2.941ns (0.974ns logic, 1.967ns route)
                                       (33.1% logic, 66.9% route)

=========================================================================
Timing constraint: Default OFFSET IN BEFORE for Clock 'clk'
  Total number of paths / destination ports: 2 / 2
-------------------------------------------------------------------------
Offset:              2.109ns (Levels of Logic = 2)
  Source:            ps2_data (PAD)
  Destination:       data_in (FF)
  Destination Clock: clk rising

  Data Path: ps2_data to data_in
                                Gate     Net
    Cell:in->out      fanout   Delay   Delay  Logical Name (Net Name)
    ----------------------------------------  ------------
     IBUF:I->O             1   1.222   0.580  ps2_data_IBUF (ps2_data_IBUF)
     LUT3:I2->O            1   0.205   0.000  data_in_rstpot (data_in_rstpot)
     FD:D                      0.102          data_in
    ----------------------------------------
    Total                      2.109ns (1.529ns logic, 0.580ns route)
                                       (72.5% logic, 27.5% route)

=========================================================================
Timing constraint: Default OFFSET OUT AFTER for Clock 'clk'
  Total number of paths / destination ports: 9 / 9
-------------------------------------------------------------------------
Offset:              3.634ns (Levels of Logic = 1)
  Source:            data_p_7 (FF)
  Destination:       ps2_data_out<7> (PAD)
  Source Clock:      clk rising

  Data Path: data_p_7 to ps2_data_out<7>
                                Gate     Net
    Cell:in->out      fanout   Delay   Delay  Logical Name (Net Name)
    ----------------------------------------  ------------
     FDE:C->Q              2   0.447   0.616  data_p_7 (data_p_7)
     OBUF:I->O                 2.571          ps2_data_out_7_OBUF (ps2_data_out<7>)
    ----------------------------------------
    Total                      3.634ns (3.018ns logic, 0.616ns route)
                                       (83.0% logic, 17.0% route)

=========================================================================

Cross Clock Domains Report:
--------------------------

Clock to Setup on destination clock clk
---------------+---------+---------+---------+---------+
               | Src:Rise| Src:Fall| Src:Rise| Src:Fall|
Source Clock   |Dest:Rise|Dest:Rise|Dest:Fall|Dest:Fall|
---------------+---------+---------+---------+---------+
clk            |    2.941|         |         |         |
---------------+---------+---------+---------+---------+

=========================================================================


Total REAL time to Xst completion: 6.00 secs
Total CPU time to Xst completion: 5.29 secs
 
--> 

Total memory usage is 222336 kilobytes

Number of errors   :    0 (   0 filtered)
Number of warnings :    1 (   0 filtered)
Number of infos    :    0 (   0 filtered)

